Using pre-set license
Built from '2020.3/release' branch; Version is '2020.3.7f1 (dd97f2c94397) revision 14522354'; Using compiler version '192528614'; Build Type 'Release'
OS: 'Windows 10 Home; OS build 19042.1052; Version 2009; 64bit' Language: 'ja' Physical Memory: 16227 MB
BatchMode: 1, IsHumanControllingUs: 0, StartBugReporterOnCrash: 0, Is64bit: 1, IsPro: 0

 COMMAND LINE ARGUMENTS:
C:\Program Files\Unity\Hub\Editor\2020.3.7f1\Editor\Unity.exe
-adb2
-batchMode
-noUpm
-name
AssetImportWorker0
-projectPath
C:/Users/vantan/Documents/punch-crash
-logFile
Logs/AssetImportWorker0.log
-srvPort
62057
Successfully changed project path to: C:/Users/vantan/Documents/punch-crash
C:/Users/vantan/Documents/punch-crash
Using Asset Import Pipeline V2.
Refreshing native plugins compatible for Editor in 36.69 ms, found 1 plugins.
Preloading 0 native plugins for Editor in 0.00 ms.
Initialize engine version: 2020.3.7f1 (dd97f2c94397)
[Subsystems] Discovering subsystems at path C:/Program Files/Unity/Hub/Editor/2020.3.7f1/Editor/Data/Resources/UnitySubsystems
[Subsystems] Discovering subsystems at path C:/Users/vantan/Documents/punch-crash/Assets
GfxDevice: creating device client; threaded=0
Direct3D:
    Version:  Direct3D 11.0 [level 11.1]
    Renderer: NVIDIA GeForce GTX 1650 (ID=0x1f91)
    Vendor:   
    VRAM:     3962 MB
    Driver:   27.21.14.6231
Initialize mono
Mono path[0] = 'C:/Program Files/Unity/Hub/Editor/2020.3.7f1/Editor/Data/Managed'
Mono path[1] = 'C:/Program Files/Unity/Hub/Editor/2020.3.7f1/Editor/Data/MonoBleedingEdge/lib/mono/unityjit'
Mono config path = 'C:/Program Files/Unity/Hub/Editor/2020.3.7f1/Editor/Data/MonoBleedingEdge/etc'
Using monoOptions --debugger-agent=transport=dt_socket,embedding=1,server=y,suspend=n,address=127.0.0.1:56504
Begin MonoManager ReloadAssembly
Registering precompiled unity dll's ...
Register platform support module: C:/Program Files/Unity/Hub/Editor/2020.3.7f1/Editor/Data/PlaybackEngines/WindowsStandaloneSupport/UnityEditor.WindowsStandalone.Extensions.dll
Registered in 0.001896 seconds.
Native extension for WindowsStandalone target not found
Refreshing native plugins compatible for Editor in 44.07 ms, found 1 plugins.
Preloading 0 native plugins for Editor in 0.00 ms.
Mono: successfully reloaded assembly
- Completed reload, in  1.077 seconds
Platform modules already initialized, skipping
Registering precompiled user dll's ...
Registered in 0.002621 seconds.
Begin MonoManager ReloadAssembly
Native extension for WindowsStandalone target not found
Refreshing native plugins compatible for Editor in 44.34 ms, found 1 plugins.
Preloading 0 native plugins for Editor in 0.00 ms.
Mono: successfully reloaded assembly
- Completed reload, in  0.925 seconds
Platform modules already initialized, skipping
========================================================================
Worker process is ready to serve import requests
Launched and connected shader compiler UnityShaderCompiler.exe after 0.05 seconds
Refreshing native plugins compatible for Editor in 0.38 ms, found 1 plugins.
Preloading 0 native plugins for Editor in 0.00 ms.
Unloading 2036 Unused Serialized files (Serialized files now loaded: 0)
System memory in use before: 95.1 MB.
System memory in use after: 95.2 MB.

Unloading 25 unused Assets to reduce memory usage. Loaded Objects now: 2480.
Total: 1.719700 ms (FindLiveObjects: 0.180400 ms CreateObjectMapping: 0.096200 ms MarkObjects: 1.388000 ms  DeleteObjects: 0.054300 ms)

========================================================================
Received Import Request.
  path: Assets/Scenes/change-obstacle.unity
  artifactKey: Guid(40dacdf8ef2926a47bfe32a68db4d9db) Importer(815301076,1909f56bfc062723c751e8b465ee728b)
Start importing Assets/Scenes/change-obstacle.unity using Guid(40dacdf8ef2926a47bfe32a68db4d9db) Importer(815301076,1909f56bfc062723c751e8b465ee728b)  -> (artifact id: 'b35f68cc48a0494b2ca8e293c9ff2116') in 0.016092 seconds
  Import took 0.018999 seconds .

========================================================================
Received Import Request.
  Time since last request: 0.008529 seconds.
  path: Assets/Scenes/change-obstacle.unity
  artifactKey: Guid(40dacdf8ef2926a47bfe32a68db4d9db) Importer(815301076,1909f56bfc062723c751e8b465ee728b)
Start importing Assets/Scenes/change-obstacle.unity using Guid(40dacdf8ef2926a47bfe32a68db4d9db) Importer(815301076,1909f56bfc062723c751e8b465ee728b)  -> (artifact id: 'b35f68cc48a0494b2ca8e293c9ff2116') in 0.001906 seconds
  Import took 0.004672 seconds .

========================================================================
Received Prepare
Registering precompiled user dll's ...
Registered in 0.002486 seconds.
Begin MonoManager ReloadAssembly
Native extension for WindowsStandalone target not found
Refreshing native plugins compatible for Editor in 0.45 ms, found 1 plugins.
Preloading 0 native plugins for Editor in 0.00 ms.
Mono: successfully reloaded assembly
- Completed reload, in  0.894 seconds
Platform modules already initialized, skipping
Refreshing native plugins compatible for Editor in 0.38 ms, found 1 plugins.
Preloading 0 native plugins for Editor in 0.00 ms.
Unloading 2026 Unused Serialized files (Serialized files now loaded: 0)
System memory in use before: 94.6 MB.
System memory in use after: 94.7 MB.

Unloading 14 unused Assets to reduce memory usage. Loaded Objects now: 2483.
Total: 1.775300 ms (FindLiveObjects: 0.267600 ms CreateObjectMapping: 0.097400 ms MarkObjects: 1.395300 ms  DeleteObjects: 0.014100 ms)

========================================================================
Received Prepare
Registering precompiled user dll's ...
Registered in 0.002642 seconds.
Begin MonoManager ReloadAssembly
Native extension for WindowsStandalone target not found
Refreshing native plugins compatible for Editor in 0.39 ms, found 1 plugins.
Preloading 0 native plugins for Editor in 0.00 ms.
Mono: successfully reloaded assembly
- Completed reload, in  0.870 seconds
Platform modules already initialized, skipping
Refreshing native plugins compatible for Editor in 0.38 ms, found 1 plugins.
Preloading 0 native plugins for Editor in 0.00 ms.
Unloading 2026 Unused Serialized files (Serialized files now loaded: 0)
System memory in use before: 94.6 MB.
System memory in use after: 94.7 MB.

Unloading 14 unused Assets to reduce memory usage. Loaded Objects now: 2486.
Total: 1.675000 ms (FindLiveObjects: 0.173700 ms CreateObjectMapping: 0.070900 ms MarkObjects: 1.415800 ms  DeleteObjects: 0.013900 ms)

========================================================================
Received Prepare
Registering precompiled user dll's ...
Registered in 0.002528 seconds.
Begin MonoManager ReloadAssembly
Native extension for WindowsStandalone target not found
Refreshing native plugins compatible for Editor in 0.38 ms, found 1 plugins.
Preloading 0 native plugins for Editor in 0.00 ms.
Mono: successfully reloaded assembly
- Completed reload, in  0.845 seconds
Platform modules already initialized, skipping
Refreshing native plugins compatible for Editor in 0.38 ms, found 1 plugins.
Preloading 0 native plugins for Editor in 0.00 ms.
Unloading 2026 Unused Serialized files (Serialized files now loaded: 0)
System memory in use before: 94.6 MB.
System memory in use after: 94.7 MB.

Unloading 14 unused Assets to reduce memory usage. Loaded Objects now: 2489.
Total: 1.658500 ms (FindLiveObjects: 0.179600 ms CreateObjectMapping: 0.076600 ms MarkObjects: 1.387300 ms  DeleteObjects: 0.014100 ms)

========================================================================
Received Import Request.
  Time since last request: 458.135106 seconds.
  path: Assets/Resources/NewFighterSprite.prefab
  artifactKey: Guid(7e67fd1fc9218f74c86731d3b230cde5) Importer(815301076,1909f56bfc062723c751e8b465ee728b)
Start importing Assets/Resources/NewFighterSprite.prefab using Guid(7e67fd1fc9218f74c86731d3b230cde5) Importer(815301076,1909f56bfc062723c751e8b465ee728b)  -> (artifact id: '8a3b277bba74688bcbddc5f9e7567a83') in 0.113516 seconds
  Import took 0.117219 seconds .

========================================================================
Received Import Request.
  Time since last request: 81.550990 seconds.
  path: Assets/Sprites/PlayerSprite.png
  artifactKey: Guid(c8fe6da97d4055f4eb457c7518c0b651) Importer(815301076,1909f56bfc062723c751e8b465ee728b)
Start importing Assets/Sprites/PlayerSprite.png using Guid(c8fe6da97d4055f4eb457c7518c0b651) Importer(815301076,1909f56bfc062723c751e8b465ee728b)  -> (artifact id: '1074f8a375970035cf600652446abc91') in 0.062654 seconds
  Import took 0.065898 seconds .

========================================================================
Received Prepare
Registering precompiled user dll's ...
Registered in 0.002467 seconds.
Begin MonoManager ReloadAssembly
Native extension for WindowsStandalone target not found
Refreshing native plugins compatible for Editor in 0.39 ms, found 1 plugins.
Preloading 0 native plugins for Editor in 0.00 ms.
Mono: successfully reloaded assembly
- Completed reload, in  0.878 seconds
Platform modules already initialized, skipping
Refreshing native plugins compatible for Editor in 0.41 ms, found 1 plugins.
Preloading 0 native plugins for Editor in 0.00 ms.
Unloading 2026 Unused Serialized files (Serialized files now loaded: 0)
System memory in use before: 97.6 MB.
System memory in use after: 97.7 MB.

Unloading 14 unused Assets to reduce memory usage. Loaded Objects now: 2501.
Total: 1.769900 ms (FindLiveObjects: 0.209500 ms CreateObjectMapping: 0.075600 ms MarkObjects: 1.469900 ms  DeleteObjects: 0.014100 ms)

========================================================================
Received Prepare
Registering precompiled user dll's ...
Registered in 0.002514 seconds.
Begin MonoManager ReloadAssembly
Native extension for WindowsStandalone target not found
Refreshing native plugins compatible for Editor in 0.40 ms, found 1 plugins.
Preloading 0 native plugins for Editor in 0.00 ms.
Mono: successfully reloaded assembly
- Completed reload, in  0.824 seconds
Platform modules already initialized, skipping
Refreshing native plugins compatible for Editor in 0.39 ms, found 1 plugins.
Preloading 0 native plugins for Editor in 0.00 ms.
Unloading 2026 Unused Serialized files (Serialized files now loaded: 0)
System memory in use before: 97.6 MB.
System memory in use after: 97.8 MB.

Unloading 14 unused Assets to reduce memory usage. Loaded Objects now: 2504.
Total: 1.715300 ms (FindLiveObjects: 0.203200 ms CreateObjectMapping: 0.083500 ms MarkObjects: 1.414200 ms  DeleteObjects: 0.013600 ms)

========================================================================
Received Import Request.
  Time since last request: 1487.698165 seconds.
  path: Assets/Resources/obstacle1.png
  artifactKey: Guid(df2bc67645288b341b4e0fb563f88f86) Importer(815301076,1909f56bfc062723c751e8b465ee728b)
Start importing Assets/Resources/obstacle1.png using Guid(df2bc67645288b341b4e0fb563f88f86) Importer(815301076,1909f56bfc062723c751e8b465ee728b)  -> (artifact id: '4b65e1d1895b529d57094cdfabd3ca2c') in 0.055751 seconds
  Import took 0.059445 seconds .

========================================================================
Received Prepare
Refreshing native plugins compatible for Editor in 2.66 ms, found 1 plugins.
Preloading 0 native plugins for Editor in 0.00 ms.
Unloading 11 Unused Serialized files (Serialized files now loaded: 0)
System memory in use before: 57.9 MB.
System memory in use after: 58.0 MB.

Unloading 10 unused Assets to reduce memory usage. Loaded Objects now: 2507.
Total: 2.319500 ms (FindLiveObjects: 0.185800 ms CreateObjectMapping: 0.072200 ms MarkObjects: 2.049700 ms  DeleteObjects: 0.011100 ms)

========================================================================
Received Prepare
Registering precompiled user dll's ...
Registered in 0.002824 seconds.
Begin MonoManager ReloadAssembly
Native extension for WindowsStandalone target not found
Refreshing native plugins compatible for Editor in 0.42 ms, found 1 plugins.
Preloading 0 native plugins for Editor in 0.00 ms.
Mono: successfully reloaded assembly
- Completed reload, in  0.974 seconds
Platform modules already initialized, skipping
Refreshing native plugins compatible for Editor in 0.66 ms, found 1 plugins.
Preloading 0 native plugins for Editor in 0.00 ms.
Unloading 2026 Unused Serialized files (Serialized files now loaded: 0)
System memory in use before: 97.7 MB.
System memory in use after: 97.8 MB.

Unloading 14 unused Assets to reduce memory usage. Loaded Objects now: 2510.
Total: 2.053400 ms (FindLiveObjects: 0.242700 ms CreateObjectMapping: 0.096400 ms MarkObjects: 1.697800 ms  DeleteObjects: 0.015600 ms)

========================================================================
Received Prepare
Refreshing native plugins compatible for Editor in 2.56 ms, found 1 plugins.
Preloading 0 native plugins for Editor in 0.00 ms.
Unloading 11 Unused Serialized files (Serialized files now loaded: 0)
System memory in use before: 57.9 MB.
System memory in use after: 58.0 MB.

Unloading 10 unused Assets to reduce memory usage. Loaded Objects now: 2510.
Total: 1.937500 ms (FindLiveObjects: 0.205800 ms CreateObjectMapping: 0.096700 ms MarkObjects: 1.618300 ms  DeleteObjects: 0.015500 ms)

========================================================================
Received Import Request.
  Time since last request: 95.609335 seconds.
  path: Assets/Resources/NewFighterSprite.prefab
  artifactKey: Guid(7e67fd1fc9218f74c86731d3b230cde5) Importer(815301076,1909f56bfc062723c751e8b465ee728b)
Start importing Assets/Resources/NewFighterSprite.prefab using Guid(7e67fd1fc9218f74c86731d3b230cde5) Importer(815301076,1909f56bfc062723c751e8b465ee728b)  -> (artifact id: '668e25a7912ea8a17f12b5901c578e5b') in 0.063622 seconds
  Import took 0.066895 seconds .

========================================================================
Received Import Request.
  Time since last request: 0.301942 seconds.
  path: Assets/Resources/NewFighterSprite.prefab
  artifactKey: Guid(7e67fd1fc9218f74c86731d3b230cde5) Importer(815301076,1909f56bfc062723c751e8b465ee728b)
Start importing Assets/Resources/NewFighterSprite.prefab using Guid(7e67fd1fc9218f74c86731d3b230cde5) Importer(815301076,1909f56bfc062723c751e8b465ee728b)  -> (artifact id: '668e25a7912ea8a17f12b5901c578e5b') in 0.010445 seconds
  Import took 0.014356 seconds .

========================================================================
Received Prepare
Registering precompiled user dll's ...
Registered in 0.002760 seconds.
Begin MonoManager ReloadAssembly
Native extension for WindowsStandalone target not found
Refreshing native plugins compatible for Editor in 0.43 ms, found 1 plugins.
Preloading 0 native plugins for Editor in 0.00 ms.
Mono: successfully reloaded assembly
- Completed reload, in  0.849 seconds
Platform modules already initialized, skipping
Refreshing native plugins compatible for Editor in 0.38 ms, found 1 plugins.
Preloading 0 native plugins for Editor in 0.00 ms.
Unloading 2026 Unused Serialized files (Serialized files now loaded: 0)
System memory in use before: 97.7 MB.
System memory in use after: 97.8 MB.

Unloading 14 unused Assets to reduce memory usage. Loaded Objects now: 2514.
Total: 1.691200 ms (FindLiveObjects: 0.168200 ms CreateObjectMapping: 0.067700 ms MarkObjects: 1.441300 ms  DeleteObjects: 0.013200 ms)

========================================================================
Received Prepare
Refreshing native plugins compatible for Editor in 2.56 ms, found 1 plugins.
Preloading 0 native plugins for Editor in 0.00 ms.
Unloading 11 Unused Serialized files (Serialized files now loaded: 0)
System memory in use before: 57.9 MB.
System memory in use after: 58.0 MB.

Unloading 10 unused Assets to reduce memory usage. Loaded Objects now: 2514.
Total: 2.001700 ms (FindLiveObjects: 0.200500 ms CreateObjectMapping: 0.077900 ms MarkObjects: 1.708400 ms  DeleteObjects: 0.013800 ms)

========================================================================
Received Prepare
Registering precompiled user dll's ...
Registered in 0.002716 seconds.
Begin MonoManager ReloadAssembly
Native extension for WindowsStandalone target not found
Refreshing native plugins compatible for Editor in 0.43 ms, found 1 plugins.
Preloading 0 native plugins for Editor in 0.00 ms.
Mono: successfully reloaded assembly
- Completed reload, in  1.148 seconds
Platform modules already initialized, skipping
Refreshing native plugins compatible for Editor in 0.44 ms, found 1 plugins.
Preloading 0 native plugins for Editor in 0.00 ms.
Unloading 2026 Unused Serialized files (Serialized files now loaded: 0)
System memory in use before: 97.7 MB.
System memory in use after: 97.8 MB.

Unloading 14 unused Assets to reduce memory usage. Loaded Objects now: 2517.
Total: 2.274700 ms (FindLiveObjects: 0.268200 ms CreateObjectMapping: 0.085800 ms MarkObjects: 1.894100 ms  DeleteObjects: 0.025300 ms)

========================================================================
Received Import Request.
  Time since last request: 148.901220 seconds.
  path: Assets/Resources/Obstacle.prefab
  artifactKey: Guid(ce21dcab6c0e8814fb6b2a9045b2bdb7) Importer(815301076,1909f56bfc062723c751e8b465ee728b)
Start importing Assets/Resources/Obstacle.prefab using Guid(ce21dcab6c0e8814fb6b2a9045b2bdb7) Importer(815301076,1909f56bfc062723c751e8b465ee728b)  -> (artifact id: '8b2fbde47fd1ccd3958015257722d31f') in 0.057496 seconds
  Import took 0.060690 seconds .

========================================================================
Received Import Request.
  Time since last request: 0.004948 seconds.
  path: Assets/Resources/Obstacle.prefab
  artifactKey: Guid(ce21dcab6c0e8814fb6b2a9045b2bdb7) Importer(815301076,1909f56bfc062723c751e8b465ee728b)
Start importing Assets/Resources/Obstacle.prefab using Guid(ce21dcab6c0e8814fb6b2a9045b2bdb7) Importer(815301076,1909f56bfc062723c751e8b465ee728b)  -> (artifact id: '8b2fbde47fd1ccd3958015257722d31f') in 0.006282 seconds
  Import took 0.009360 seconds .

========================================================================
Received Import Request.
  Time since last request: 0.216476 seconds.
  path: Assets/Resources/Obstacle.prefab
  artifactKey: Guid(ce21dcab6c0e8814fb6b2a9045b2bdb7) Importer(815301076,1909f56bfc062723c751e8b465ee728b)
Start importing Assets/Resources/Obstacle.prefab using Guid(ce21dcab6c0e8814fb6b2a9045b2bdb7) Importer(815301076,1909f56bfc062723c751e8b465ee728b)  -> (artifact id: '5285da1208297c5814d78ab64e809119') in 0.007754 seconds
  Import took 0.010947 seconds .

========================================================================
Received Import Request.
  Time since last request: 19.198729 seconds.
  path: Assets/Prefabs/Obstacle.prefab
  artifactKey: Guid(ce21dcab6c0e8814fb6b2a9045b2bdb7) Importer(815301076,1909f56bfc062723c751e8b465ee728b)
Start importing Assets/Prefabs/Obstacle.prefab using Guid(ce21dcab6c0e8814fb6b2a9045b2bdb7) Importer(815301076,1909f56bfc062723c751e8b465ee728b)  -> (artifact id: '1b57a1b4e97e258be17fcc8d99169e06') in 0.013484 seconds
  Import took 0.016787 seconds .

========================================================================
Received Import Request.
  Time since last request: 5.293900 seconds.
  path: Assets/Prefabs/Obstacle.prefab
  artifactKey: Guid(ce21dcab6c0e8814fb6b2a9045b2bdb7) Importer(815301076,1909f56bfc062723c751e8b465ee728b)
Start importing Assets/Prefabs/Obstacle.prefab using Guid(ce21dcab6c0e8814fb6b2a9045b2bdb7) Importer(815301076,1909f56bfc062723c751e8b465ee728b)  -> (artifact id: '55b989538071241cad7c30ca864bec07') in 0.010185 seconds
  Import took 0.013137 seconds .

========================================================================
Received Import Request.
  Time since last request: 6.458958 seconds.
  path: Assets/Prefabs/Obstacle.prefab
  artifactKey: Guid(ce21dcab6c0e8814fb6b2a9045b2bdb7) Importer(815301076,1909f56bfc062723c751e8b465ee728b)
Start importing Assets/Prefabs/Obstacle.prefab using Guid(ce21dcab6c0e8814fb6b2a9045b2bdb7) Importer(815301076,1909f56bfc062723c751e8b465ee728b)  -> (artifact id: '4dba175acaa28ce94220ae58c2dfacbc') in 0.009811 seconds
  Import took 0.012922 seconds .

========================================================================
Received Import Request.
  Time since last request: 31.884407 seconds.
  path: Assets/Prefabs/Obstacle.prefab
  artifactKey: Guid(ce21dcab6c0e8814fb6b2a9045b2bdb7) Importer(815301076,1909f56bfc062723c751e8b465ee728b)
Start importing Assets/Prefabs/Obstacle.prefab using Guid(ce21dcab6c0e8814fb6b2a9045b2bdb7) Importer(815301076,1909f56bfc062723c751e8b465ee728b)  -> (artifact id: 'e6436a308455a554352a6ef613079a80') in 0.009602 seconds
  Import took 0.012774 seconds .

========================================================================
Received Import Request.
  Time since last request: 2.003922 seconds.
  path: Assets/Prefabs/Obstacle.prefab
  artifactKey: Guid(ce21dcab6c0e8814fb6b2a9045b2bdb7) Importer(815301076,1909f56bfc062723c751e8b465ee728b)
Start importing Assets/Prefabs/Obstacle.prefab using Guid(ce21dcab6c0e8814fb6b2a9045b2bdb7) Importer(815301076,1909f56bfc062723c751e8b465ee728b)  -> (artifact id: 'bf8daa23e738bdd6ada3547bb2b7d444') in 0.009553 seconds
  Import took 0.012586 seconds .

========================================================================
Received Import Request.
  Time since last request: 2.013183 seconds.
  path: Assets/Prefabs/Obstacle.prefab
  artifactKey: Guid(ce21dcab6c0e8814fb6b2a9045b2bdb7) Importer(815301076,1909f56bfc062723c751e8b465ee728b)
Start importing Assets/Prefabs/Obstacle.prefab using Guid(ce21dcab6c0e8814fb6b2a9045b2bdb7) Importer(815301076,1909f56bfc062723c751e8b465ee728b)  -> (artifact id: 'c8138e5871ccde69e2a0796dd1824d5b') in 0.009141 seconds
  Import took 0.012481 seconds .

========================================================================
Received Import Request.
  Time since last request: 2.627941 seconds.
  path: Assets/Prefabs/Obstacle.prefab
  artifactKey: Guid(ce21dcab6c0e8814fb6b2a9045b2bdb7) Importer(815301076,1909f56bfc062723c751e8b465ee728b)
Start importing Assets/Prefabs/Obstacle.prefab using Guid(ce21dcab6c0e8814fb6b2a9045b2bdb7) Importer(815301076,1909f56bfc062723c751e8b465ee728b)  -> (artifact id: '20fed0f4e9b81b75b7bbc74d9cd4f230') in 0.009527 seconds
  Import took 0.012490 seconds .

========================================================================
Received Import Request.
  Time since last request: 15.842583 seconds.
  path: Assets/Prefabs/Obstacle.prefab
  artifactKey: Guid(ce21dcab6c0e8814fb6b2a9045b2bdb7) Importer(815301076,1909f56bfc062723c751e8b465ee728b)
Start importing Assets/Prefabs/Obstacle.prefab using Guid(ce21dcab6c0e8814fb6b2a9045b2bdb7) Importer(815301076,1909f56bfc062723c751e8b465ee728b)  -> (artifact id: '4da49161bfae5642ddf024c6178e2d85') in 0.009179 seconds
  Import took 0.012181 seconds .

========================================================================
Received Import Request.
  Time since last request: 19.914230 seconds.
  path: Assets/Prefabs/Obstacle.prefab
  artifactKey: Guid(ce21dcab6c0e8814fb6b2a9045b2bdb7) Importer(815301076,1909f56bfc062723c751e8b465ee728b)
Start importing Assets/Prefabs/Obstacle.prefab using Guid(ce21dcab6c0e8814fb6b2a9045b2bdb7) Importer(815301076,1909f56bfc062723c751e8b465ee728b)  -> (artifact id: '924a9707642aeefbe318d5017a126e1b') in 0.009436 seconds
  Import took 0.012652 seconds .

========================================================================
Received Import Request.
  Time since last request: 15.336607 seconds.
  path: Assets/Prefabs/Obstacle.prefab
  artifactKey: Guid(ce21dcab6c0e8814fb6b2a9045b2bdb7) Importer(815301076,1909f56bfc062723c751e8b465ee728b)
Start importing Assets/Prefabs/Obstacle.prefab using Guid(ce21dcab6c0e8814fb6b2a9045b2bdb7) Importer(815301076,1909f56bfc062723c751e8b465ee728b)  -> (artifact id: 'c866bbfd1eede49002188110d27d03a4') in 0.009203 seconds
  Import took 0.012393 seconds .

========================================================================
Received Import Request.
  Time since last request: 5.050332 seconds.
  path: Assets/Prefabs/Obstacle.prefab
  artifactKey: Guid(ce21dcab6c0e8814fb6b2a9045b2bdb7) Importer(815301076,1909f56bfc062723c751e8b465ee728b)
Start importing Assets/Prefabs/Obstacle.prefab using Guid(ce21dcab6c0e8814fb6b2a9045b2bdb7) Importer(815301076,1909f56bfc062723c751e8b465ee728b)  -> (artifact id: '136e63115b89faf84c021115d56cdf81') in 0.007107 seconds
  Import took 0.010319 seconds .

========================================================================
Received Import Request.
  Time since last request: 8.075011 seconds.
  path: Assets/Prefabs/Obstacle.prefab
  artifactKey: Guid(ce21dcab6c0e8814fb6b2a9045b2bdb7) Importer(815301076,1909f56bfc062723c751e8b465ee728b)
Start importing Assets/Prefabs/Obstacle.prefab using Guid(ce21dcab6c0e8814fb6b2a9045b2bdb7) Importer(815301076,1909f56bfc062723c751e8b465ee728b)  -> (artifact id: '0b999021811c0cfbc0174d4be99136f7') in 0.009347 seconds
  Import took 0.012419 seconds .

========================================================================
Received Import Request.
  Time since last request: 14.142943 seconds.
  path: Assets/Prefabs/Obstacle.prefab
  artifactKey: Guid(ce21dcab6c0e8814fb6b2a9045b2bdb7) Importer(815301076,1909f56bfc062723c751e8b465ee728b)
Start importing Assets/Prefabs/Obstacle.prefab using Guid(ce21dcab6c0e8814fb6b2a9045b2bdb7) Importer(815301076,1909f56bfc062723c751e8b465ee728b)  -> (artifact id: '1ba8a8e36745a490aea3e80e90ee6da3') in 0.009406 seconds
  Import took 0.012400 seconds .

========================================================================
Received Import Request.
  Time since last request: 21.170773 seconds.
  path: Assets/Prefabs/Obstacle.prefab
  artifactKey: Guid(ce21dcab6c0e8814fb6b2a9045b2bdb7) Importer(815301076,1909f56bfc062723c751e8b465ee728b)
Start importing Assets/Prefabs/Obstacle.prefab using Guid(ce21dcab6c0e8814fb6b2a9045b2bdb7) Importer(815301076,1909f56bfc062723c751e8b465ee728b)  -> (artifact id: '2e0c225cc0ee13c2d3a71a271ff5bcbc') in 0.009596 seconds
  Import took 0.012560 seconds .

========================================================================
Received Import Request.
  Time since last request: 4.450543 seconds.
  path: Assets/Prefabs/Obstacle.prefab
  artifactKey: Guid(ce21dcab6c0e8814fb6b2a9045b2bdb7) Importer(815301076,1909f56bfc062723c751e8b465ee728b)
Start importing Assets/Prefabs/Obstacle.prefab using Guid(ce21dcab6c0e8814fb6b2a9045b2bdb7) Importer(815301076,1909f56bfc062723c751e8b465ee728b)  -> (artifact id: 'fbe60dafa1ae831aedd980410dc6f8d5') in 0.009353 seconds
  Import took 0.012338 seconds .

========================================================================
Received Import Request.
  Time since last request: 1.614450 seconds.
  path: Assets/Prefabs/Obstacle.prefab
  artifactKey: Guid(ce21dcab6c0e8814fb6b2a9045b2bdb7) Importer(815301076,1909f56bfc062723c751e8b465ee728b)
Start importing Assets/Prefabs/Obstacle.prefab using Guid(ce21dcab6c0e8814fb6b2a9045b2bdb7) Importer(815301076,1909f56bfc062723c751e8b465ee728b)  -> (artifact id: '9711b22072969449ce96402ae1cefad3') in 0.009350 seconds
  Import took 0.012587 seconds .

========================================================================
Received Import Request.
  Time since last request: 3.260127 seconds.
  path: Assets/Prefabs/Obstacle.prefab
  artifactKey: Guid(ce21dcab6c0e8814fb6b2a9045b2bdb7) Importer(815301076,1909f56bfc062723c751e8b465ee728b)
Start importing Assets/Prefabs/Obstacle.prefab using Guid(ce21dcab6c0e8814fb6b2a9045b2bdb7) Importer(815301076,1909f56bfc062723c751e8b465ee728b)  -> (artifact id: '1bcab0cf02b2b550cb7f18c0f77b04e2') in 0.009053 seconds
  Import took 0.011997 seconds .

========================================================================
Received Import Request.
  Time since last request: 5.648113 seconds.
  path: Assets/Prefabs/Obstacle.prefab
  artifactKey: Guid(ce21dcab6c0e8814fb6b2a9045b2bdb7) Importer(815301076,1909f56bfc062723c751e8b465ee728b)
Start importing Assets/Prefabs/Obstacle.prefab using Guid(ce21dcab6c0e8814fb6b2a9045b2bdb7) Importer(815301076,1909f56bfc062723c751e8b465ee728b)  -> (artifact id: '675fc1a0cfb43bb8660c3d091d0c1177') in 0.009218 seconds
  Import took 0.012226 seconds .

========================================================================
Received Import Request.
  Time since last request: 6.236167 seconds.
  path: Assets/Prefabs/Obstacle.prefab
  artifactKey: Guid(ce21dcab6c0e8814fb6b2a9045b2bdb7) Importer(815301076,1909f56bfc062723c751e8b465ee728b)
Start importing Assets/Prefabs/Obstacle.prefab using Guid(ce21dcab6c0e8814fb6b2a9045b2bdb7) Importer(815301076,1909f56bfc062723c751e8b465ee728b)  -> (artifact id: '5bec71236e14b170f25f99fec3fda696') in 0.009047 seconds
  Import took 0.012127 seconds .

========================================================================
Received Import Request.
  Time since last request: 1.600229 seconds.
  path: Assets/Prefabs/Obstacle.prefab
  artifactKey: Guid(ce21dcab6c0e8814fb6b2a9045b2bdb7) Importer(815301076,1909f56bfc062723c751e8b465ee728b)
Start importing Assets/Prefabs/Obstacle.prefab using Guid(ce21dcab6c0e8814fb6b2a9045b2bdb7) Importer(815301076,1909f56bfc062723c751e8b465ee728b)  -> (artifact id: '51aadb2f46058f2986b69581f205b0f5') in 0.009314 seconds
  Import took 0.012291 seconds .

========================================================================
Received Prepare
Registering precompiled user dll's ...
Registered in 0.002557 seconds.
Begin MonoManager ReloadAssembly
Native extension for WindowsStandalone target not found
Refreshing native plugins compatible for Editor in 0.46 ms, found 1 plugins.
Preloading 0 native plugins for Editor in 0.00 ms.
Mono: successfully reloaded assembly
- Completed reload, in  2.286 seconds
Platform modules already initialized, skipping
Refreshing native plugins compatible for Editor in 0.43 ms, found 1 plugins.
Preloading 0 native plugins for Editor in 0.00 ms.
Unloading 2026 Unused Serialized files (Serialized files now loaded: 0)
System memory in use before: 97.7 MB.
System memory in use after: 97.8 MB.

Unloading 14 unused Assets to reduce memory usage. Loaded Objects now: 2521.
Total: 2.291400 ms (FindLiveObjects: 0.369700 ms CreateObjectMapping: 0.140900 ms MarkObjects: 1.752200 ms  DeleteObjects: 0.027100 ms)

========================================================================
Received Prepare
Refreshing native plugins compatible for Editor in 2.60 ms, found 1 plugins.
Preloading 0 native plugins for Editor in 0.00 ms.
Unloading 11 Unused Serialized files (Serialized files now loaded: 0)
System memory in use before: 57.9 MB.
System memory in use after: 58.0 MB.

Unloading 10 unused Assets to reduce memory usage. Loaded Objects now: 2521.
Total: 1.829200 ms (FindLiveObjects: 0.195800 ms CreateObjectMapping: 0.084300 ms MarkObjects: 1.535100 ms  DeleteObjects: 0.013400 ms)

========================================================================
Received Prepare
Registering precompiled user dll's ...
Registered in 0.003260 seconds.
Begin MonoManager ReloadAssembly
Native extension for WindowsStandalone target not found
Refreshing native plugins compatible for Editor in 0.53 ms, found 1 plugins.
Preloading 0 native plugins for Editor in 0.00 ms.
Mono: successfully reloaded assembly
- Completed reload, in  0.987 seconds
Platform modules already initialized, skipping
Refreshing native plugins compatible for Editor in 0.46 ms, found 1 plugins.
Preloading 0 native plugins for Editor in 0.00 ms.
Unloading 2026 Unused Serialized files (Serialized files now loaded: 0)
System memory in use before: 97.7 MB.
System memory in use after: 97.8 MB.

Unloading 14 unused Assets to reduce memory usage. Loaded Objects now: 2524.
Total: 1.924700 ms (FindLiveObjects: 0.196700 ms CreateObjectMapping: 0.072500 ms MarkObjects: 1.637100 ms  DeleteObjects: 0.017400 ms)

========================================================================
Received Prepare
Refreshing native plugins compatible for Editor in 2.80 ms, found 1 plugins.
Preloading 0 native plugins for Editor in 0.00 ms.
Unloading 11 Unused Serialized files (Serialized files now loaded: 0)
System memory in use before: 57.9 MB.
System memory in use after: 58.0 MB.

Unloading 10 unused Assets to reduce memory usage. Loaded Objects now: 2524.
Total: 1.877400 ms (FindLiveObjects: 0.280800 ms CreateObjectMapping: 0.105400 ms MarkObjects: 1.472800 ms  DeleteObjects: 0.017400 ms)

========================================================================
Received Prepare
Refreshing native plugins compatible for Editor in 2.55 ms, found 1 plugins.
Preloading 0 native plugins for Editor in 0.00 ms.
Unloading 11 Unused Serialized files (Serialized files now loaded: 0)
System memory in use before: 57.9 MB.
System memory in use after: 58.0 MB.

Unloading 10 unused Assets to reduce memory usage. Loaded Objects now: 2524.
Total: 2.020100 ms (FindLiveObjects: 0.199400 ms CreateObjectMapping: 0.076200 ms MarkObjects: 1.731500 ms  DeleteObjects: 0.012100 ms)

========================================================================
Received Prepare
Registering precompiled user dll's ...
Registered in 0.002989 seconds.
Begin MonoManager ReloadAssembly
Native extension for WindowsStandalone target not found
Refreshing native plugins compatible for Editor in 0.48 ms, found 1 plugins.
Preloading 0 native plugins for Editor in 0.00 ms.
Mono: successfully reloaded assembly
- Completed reload, in  1.043 seconds
Platform modules already initialized, skipping
Refreshing native plugins compatible for Editor in 0.63 ms, found 1 plugins.
Preloading 0 native plugins for Editor in 0.00 ms.
Unloading 2026 Unused Serialized files (Serialized files now loaded: 0)
System memory in use before: 97.7 MB.
System memory in use after: 97.8 MB.

Unloading 14 unused Assets to reduce memory usage. Loaded Objects now: 2527.
Total: 2.850100 ms (FindLiveObjects: 0.359100 ms CreateObjectMapping: 0.182100 ms MarkObjects: 2.287600 ms  DeleteObjects: 0.020000 ms)

========================================================================
Received Prepare
Refreshing native plugins compatible for Editor in 2.49 ms, found 1 plugins.
Preloading 0 native plugins for Editor in 0.00 ms.
Unloading 11 Unused Serialized files (Serialized files now loaded: 0)
System memory in use before: 57.9 MB.
System memory in use after: 58.0 MB.

Unloading 10 unused Assets to reduce memory usage. Loaded Objects now: 2527.
Total: 2.092700 ms (FindLiveObjects: 0.240400 ms CreateObjectMapping: 0.086200 ms MarkObjects: 1.751800 ms  DeleteObjects: 0.012900 ms)

========================================================================
Received Prepare
Registering precompiled user dll's ...
Registered in 0.008006 seconds.
Begin MonoManager ReloadAssembly
Native extension for WindowsStandalone target not found
Refreshing native plugins compatible for Editor in 0.44 ms, found 1 plugins.
Preloading 0 native plugins for Editor in 0.00 ms.
Mono: successfully reloaded assembly
- Completed reload, in  1.154 seconds
Platform modules already initialized, skipping
Refreshing native plugins compatible for Editor in 0.42 ms, found 1 plugins.
Preloading 0 native plugins for Editor in 0.00 ms.
Unloading 2026 Unused Serialized files (Serialized files now loaded: 0)
System memory in use before: 97.7 MB.
System memory in use after: 97.9 MB.

Unloading 14 unused Assets to reduce memory usage. Loaded Objects now: 2530.
Total: 1.992700 ms (FindLiveObjects: 0.373300 ms CreateObjectMapping: 0.124400 ms MarkObjects: 1.479400 ms  DeleteObjects: 0.014400 ms)

========================================================================
Received Prepare
Refreshing native plugins compatible for Editor in 2.83 ms, found 1 plugins.
Preloading 0 native plugins for Editor in 0.00 ms.
Unloading 11 Unused Serialized files (Serialized files now loaded: 0)
System memory in use before: 57.9 MB.
System memory in use after: 58.0 MB.

Unloading 10 unused Assets to reduce memory usage. Loaded Objects now: 2530.
Total: 1.805600 ms (FindLiveObjects: 0.219000 ms CreateObjectMapping: 0.083900 ms MarkObjects: 1.486800 ms  DeleteObjects: 0.014900 ms)

========================================================================
Received Prepare
Registering precompiled user dll's ...
Registered in 0.009150 seconds.
Begin MonoManager ReloadAssembly
Native extension for WindowsStandalone target not found
Refreshing native plugins compatible for Editor in 0.42 ms, found 1 plugins.
Preloading 0 native plugins for Editor in 0.00 ms.
Mono: successfully reloaded assembly
- Completed reload, in  1.239 seconds
Platform modules already initialized, skipping
Refreshing native plugins compatible for Editor in 0.44 ms, found 1 plugins.
Preloading 0 native plugins for Editor in 0.00 ms.
Unloading 2026 Unused Serialized files (Serialized files now loaded: 0)
System memory in use before: 97.8 MB.
System memory in use after: 97.9 MB.

Unloading 14 unused Assets to reduce memory usage. Loaded Objects now: 2533.
Total: 2.598700 ms (FindLiveObjects: 0.326400 ms CreateObjectMapping: 0.115400 ms MarkObjects: 2.135600 ms  DeleteObjects: 0.019600 ms)

========================================================================
Received Prepare
Registering precompiled user dll's ...
Registered in 0.002566 seconds.
Begin MonoManager ReloadAssembly
Native extension for WindowsStandalone target not found
Refreshing native plugins compatible for Editor in 0.45 ms, found 1 plugins.
Preloading 0 native plugins for Editor in 0.00 ms.
Mono: successfully reloaded assembly
- Completed reload, in  2.424 seconds
Platform modules already initialized, skipping
Refreshing native plugins compatible for Editor in 0.59 ms, found 1 plugins.
Preloading 0 native plugins for Editor in 0.00 ms.
Unloading 2026 Unused Serialized files (Serialized files now loaded: 0)
System memory in use before: 97.8 MB.
System memory in use after: 97.9 MB.

Unloading 14 unused Assets to reduce memory usage. Loaded Objects now: 2536.
Total: 2.133500 ms (FindLiveObjects: 0.238100 ms CreateObjectMapping: 0.117600 ms MarkObjects: 1.756800 ms  DeleteObjects: 0.019900 ms)

========================================================================
Received Prepare
Refreshing native plugins compatible for Editor in 2.50 ms, found 1 plugins.
Preloading 0 native plugins for Editor in 0.00 ms.
Unloading 11 Unused Serialized files (Serialized files now loaded: 0)
System memory in use before: 57.9 MB.
System memory in use after: 58.1 MB.

Unloading 10 unused Assets to reduce memory usage. Loaded Objects now: 2536.
Total: 1.720700 ms (FindLiveObjects: 0.194600 ms CreateObjectMapping: 0.073500 ms MarkObjects: 1.439300 ms  DeleteObjects: 0.012500 ms)

========================================================================
Received Prepare
Registering precompiled user dll's ...
Registered in 0.002970 seconds.
Begin MonoManager ReloadAssembly
Native extension for WindowsStandalone target not found
Refreshing native plugins compatible for Editor in 0.43 ms, found 1 plugins.
Preloading 0 native plugins for Editor in 0.00 ms.
Mono: successfully reloaded assembly
- Completed reload, in  1.079 seconds
Platform modules already initialized, skipping
Refreshing native plugins compatible for Editor in 0.49 ms, found 1 plugins.
Preloading 0 native plugins for Editor in 0.00 ms.
Unloading 2026 Unused Serialized files (Serialized files now loaded: 0)
System memory in use before: 97.8 MB.
System memory in use after: 97.9 MB.

Unloading 14 unused Assets to reduce memory usage. Loaded Objects now: 2539.
Total: 2.295300 ms (FindLiveObjects: 0.350100 ms CreateObjectMapping: 0.125700 ms MarkObjects: 1.801600 ms  DeleteObjects: 0.017000 ms)

========================================================================
Received Prepare
Registering precompiled user dll's ...
Registered in 0.002518 seconds.
Begin MonoManager ReloadAssembly
Native extension for WindowsStandalone target not found
Refreshing native plugins compatible for Editor in 0.71 ms, found 1 plugins.
Preloading 0 native plugins for Editor in 0.00 ms.
Mono: successfully reloaded assembly
- Completed reload, in  2.493 seconds
Platform modules already initialized, skipping
Refreshing native plugins compatible for Editor in 0.45 ms, found 1 plugins.
Preloading 0 native plugins for Editor in 0.00 ms.
Unloading 2026 Unused Serialized files (Serialized files now loaded: 0)
System memory in use before: 97.8 MB.
System memory in use after: 97.9 MB.

Unloading 14 unused Assets to reduce memory usage. Loaded Objects now: 2542.
Total: 2.197000 ms (FindLiveObjects: 0.261500 ms CreateObjectMapping: 0.101200 ms MarkObjects: 1.811000 ms  DeleteObjects: 0.021900 ms)

========================================================================
Received Prepare
Refreshing native plugins compatible for Editor in 2.46 ms, found 1 plugins.
Preloading 0 native plugins for Editor in 0.00 ms.
Unloading 11 Unused Serialized files (Serialized files now loaded: 0)
System memory in use before: 58.0 MB.
System memory in use after: 58.1 MB.

Unloading 10 unused Assets to reduce memory usage. Loaded Objects now: 2542.
Total: 2.273900 ms (FindLiveObjects: 0.500000 ms CreateObjectMapping: 0.180200 ms MarkObjects: 1.576600 ms  DeleteObjects: 0.015800 ms)

========================================================================
Received Prepare
Refreshing native plugins compatible for Editor in 2.44 ms, found 1 plugins.
Preloading 0 native plugins for Editor in 0.00 ms.
Unloading 11 Unused Serialized files (Serialized files now loaded: 0)
System memory in use before: 58.0 MB.
System memory in use after: 58.1 MB.

Unloading 10 unused Assets to reduce memory usage. Loaded Objects now: 2542.
Total: 1.925700 ms (FindLiveObjects: 0.247600 ms CreateObjectMapping: 0.092100 ms MarkObjects: 1.570700 ms  DeleteObjects: 0.014400 ms)

========================================================================
Received Prepare
Registering precompiled user dll's ...
Registered in 0.002852 seconds.
Begin MonoManager ReloadAssembly
Native extension for WindowsStandalone target not found
Refreshing native plugins compatible for Editor in 0.44 ms, found 1 plugins.
Preloading 0 native plugins for Editor in 0.00 ms.
Mono: successfully reloaded assembly
- Completed reload, in  1.004 seconds
Platform modules already initialized, skipping
Refreshing native plugins compatible for Editor in 0.67 ms, found 1 plugins.
Preloading 0 native plugins for Editor in 0.00 ms.
Unloading 2026 Unused Serialized files (Serialized files now loaded: 0)
System memory in use before: 97.8 MB.
System memory in use after: 97.9 MB.

Unloading 14 unused Assets to reduce memory usage. Loaded Objects now: 2545.
Total: 2.035500 ms (FindLiveObjects: 0.296000 ms CreateObjectMapping: 0.102900 ms MarkObjects: 1.617100 ms  DeleteObjects: 0.018000 ms)

========================================================================
Received Prepare
Registering precompiled user dll's ...
Registered in 0.003064 seconds.
Begin MonoManager ReloadAssembly
Native extension for WindowsStandalone target not found
Refreshing native plugins compatible for Editor in 0.40 ms, found 1 plugins.
Preloading 0 native plugins for Editor in 0.00 ms.
Mono: successfully reloaded assembly
- Completed reload, in  0.902 seconds
Platform modules already initialized, skipping
Refreshing native plugins compatible for Editor in 0.40 ms, found 1 plugins.
Preloading 0 native plugins for Editor in 0.00 ms.
Unloading 2026 Unused Serialized files (Serialized files now loaded: 0)
System memory in use before: 97.8 MB.
System memory in use after: 97.9 MB.

Unloading 14 unused Assets to reduce memory usage. Loaded Objects now: 2548.
Total: 1.687200 ms (FindLiveObjects: 0.165900 ms CreateObjectMapping: 0.058000 ms MarkObjects: 1.448900 ms  DeleteObjects: 0.013600 ms)

========================================================================
Received Import Request.
  Time since last request: 1176.789572 seconds.
  path: Assets/Resources/Obstacle.prefab
  artifactKey: Guid(ce21dcab6c0e8814fb6b2a9045b2bdb7) Importer(815301076,1909f56bfc062723c751e8b465ee728b)
Start importing Assets/Resources/Obstacle.prefab using Guid(ce21dcab6c0e8814fb6b2a9045b2bdb7) Importer(815301076,1909f56bfc062723c751e8b465ee728b)  -> (artifact id: '5ad60cd02bb9f539fa5320e55d694827') in 0.057652 seconds
  Import took 0.061055 seconds .

========================================================================
Received Import Request.
  Time since last request: 0.720570 seconds.
  path: Assets/Resources/Obstacle.prefab
  artifactKey: Guid(ce21dcab6c0e8814fb6b2a9045b2bdb7) Importer(815301076,1909f56bfc062723c751e8b465ee728b)
Start importing Assets/Resources/Obstacle.prefab using Guid(ce21dcab6c0e8814fb6b2a9045b2bdb7) Importer(815301076,1909f56bfc062723c751e8b465ee728b)  -> (artifact id: 'acbbb2256aa4e7f6cfbe58362fe41404') in 0.009709 seconds
  Import took 0.012989 seconds .

========================================================================
Received Prepare
Refreshing native plugins compatible for Editor in 2.65 ms, found 1 plugins.
Preloading 0 native plugins for Editor in 0.00 ms.
Unloading 11 Unused Serialized files (Serialized files now loaded: 0)
System memory in use before: 58.1 MB.
System memory in use after: 58.2 MB.

Unloading 10 unused Assets to reduce memory usage. Loaded Objects now: 2549.
Total: 2.159900 ms (FindLiveObjects: 0.191700 ms CreateObjectMapping: 0.065900 ms MarkObjects: 1.888300 ms  DeleteObjects: 0.013200 ms)

========================================================================
Received Prepare
Registering precompiled user dll's ...
Registered in 0.003119 seconds.
Begin MonoManager ReloadAssembly
Native extension for WindowsStandalone target not found
Refreshing native plugins compatible for Editor in 0.46 ms, found 1 plugins.
Preloading 0 native plugins for Editor in 0.00 ms.
Mono: successfully reloaded assembly
- Completed reload, in  0.879 seconds
Platform modules already initialized, skipping
Refreshing native plugins compatible for Editor in 0.38 ms, found 1 plugins.
Preloading 0 native plugins for Editor in 0.00 ms.
Unloading 2026 Unused Serialized files (Serialized files now loaded: 0)
System memory in use before: 97.8 MB.
System memory in use after: 98.0 MB.

Unloading 14 unused Assets to reduce memory usage. Loaded Objects now: 2552.
Total: 1.762100 ms (FindLiveObjects: 0.223000 ms CreateObjectMapping: 0.089900 ms MarkObjects: 1.432300 ms  DeleteObjects: 0.016300 ms)

========================================================================
Received Import Request.
  Time since last request: 97.090353 seconds.
  path: Assets/Resources/Obstacle.prefab
  artifactKey: Guid(ce21dcab6c0e8814fb6b2a9045b2bdb7) Importer(815301076,1909f56bfc062723c751e8b465ee728b)
Start importing Assets/Resources/Obstacle.prefab using Guid(ce21dcab6c0e8814fb6b2a9045b2bdb7) Importer(815301076,1909f56bfc062723c751e8b465ee728b)  -> (artifact id: '161e91d7bf29f144233821eaad0530ce') in 0.054977 seconds
  Import took 0.059054 seconds .

========================================================================
Received Prepare
Registering precompiled user dll's ...
Registered in 0.002897 seconds.
Begin MonoManager ReloadAssembly
Native extension for WindowsStandalone target not found
Refreshing native plugins compatible for Editor in 0.41 ms, found 1 plugins.
Preloading 0 native plugins for Editor in 0.00 ms.
Mono: successfully reloaded assembly
- Completed reload, in  0.936 seconds
Platform modules already initialized, skipping
Refreshing native plugins compatible for Editor in 0.39 ms, found 1 plugins.
Preloading 0 native plugins for Editor in 0.00 ms.
Unloading 2026 Unused Serialized files (Serialized files now loaded: 0)
System memory in use before: 97.9 MB.
System memory in use after: 98.0 MB.

Unloading 14 unused Assets to reduce memory usage. Loaded Objects now: 2556.
Total: 1.661500 ms (FindLiveObjects: 0.173100 ms CreateObjectMapping: 0.068700 ms MarkObjects: 1.405500 ms  DeleteObjects: 0.013400 ms)

========================================================================
Received Prepare
Refreshing native plugins compatible for Editor in 2.58 ms, found 1 plugins.
Preloading 0 native plugins for Editor in 0.00 ms.
Unloading 11 Unused Serialized files (Serialized files now loaded: 0)
System memory in use before: 58.0 MB.
System memory in use after: 58.2 MB.

Unloading 10 unused Assets to reduce memory usage. Loaded Objects now: 2556.
Total: 1.719300 ms (FindLiveObjects: 0.196000 ms CreateObjectMapping: 0.065600 ms MarkObjects: 1.443900 ms  DeleteObjects: 0.012300 ms)

========================================================================
Received Prepare
Registering precompiled user dll's ...
Registered in 0.002911 seconds.
Begin MonoManager ReloadAssembly
Native extension for WindowsStandalone target not found
Refreshing native plugins compatible for Editor in 0.39 ms, found 1 plugins.
Preloading 0 native plugins for Editor in 0.00 ms.
Mono: successfully reloaded assembly
- Completed reload, in  0.846 seconds
Platform modules already initialized, skipping
Refreshing native plugins compatible for Editor in 0.38 ms, found 1 plugins.
Preloading 0 native plugins for Editor in 0.00 ms.
Unloading 2026 Unused Serialized files (Serialized files now loaded: 0)
System memory in use before: 97.9 MB.
System memory in use after: 98.0 MB.

Unloading 14 unused Assets to reduce memory usage. Loaded Objects now: 2559.
Total: 1.749100 ms (FindLiveObjects: 0.223200 ms CreateObjectMapping: 0.093900 ms MarkObjects: 1.418400 ms  DeleteObjects: 0.013000 ms)

========================================================================
Received Prepare
Registering precompiled user dll's ...
Registered in 0.002621 seconds.
Begin MonoManager ReloadAssembly
Native extension for WindowsStandalone target not found
Refreshing native plugins compatible for Editor in 0.39 ms, found 1 plugins.
Preloading 0 native plugins for Editor in 0.00 ms.
Mono: successfully reloaded assembly
- Completed reload, in  0.835 seconds
Platform modules already initialized, skipping
Refreshing native plugins compatible for Editor in 0.38 ms, found 1 plugins.
Preloading 0 native plugins for Editor in 0.00 ms.
Unloading 2026 Unused Serialized files (Serialized files now loaded: 0)
System memory in use before: 97.9 MB.
System memory in use after: 98.0 MB.

Unloading 14 unused Assets to reduce memory usage. Loaded Objects now: 2562.
Total: 1.766900 ms (FindLiveObjects: 0.201400 ms CreateObjectMapping: 0.076200 ms MarkObjects: 1.474800 ms  DeleteObjects: 0.013500 ms)

========================================================================
Received Import Request.
  Time since last request: 364.823478 seconds.
  path: Assets/Resources/Fighter.prefab
  artifactKey: Guid(848e4181644c2634c9fc590bc2a0d9ee) Importer(815301076,1909f56bfc062723c751e8b465ee728b)
Start importing Assets/Resources/Fighter.prefab using Guid(848e4181644c2634c9fc590bc2a0d9ee) Importer(815301076,1909f56bfc062723c751e8b465ee728b)  -> (artifact id: '2a10b1d860300a9ef771df0ceaacda50') in 0.060245 seconds
  Import took 0.063506 seconds .

========================================================================
Received Prepare
Registering precompiled user dll's ...
Registered in 0.002757 seconds.
Begin MonoManager ReloadAssembly
Native extension for WindowsStandalone target not found
Refreshing native plugins compatible for Editor in 0.39 ms, found 1 plugins.
Preloading 0 native plugins for Editor in 0.00 ms.
Mono: successfully reloaded assembly
- Completed reload, in  0.869 seconds
Platform modules already initialized, skipping
Refreshing native plugins compatible for Editor in 0.39 ms, found 1 plugins.
Preloading 0 native plugins for Editor in 0.00 ms.
Unloading 2026 Unused Serialized files (Serialized files now loaded: 0)
System memory in use before: 97.9 MB.
System memory in use after: 98.0 MB.

Unloading 14 unused Assets to reduce memory usage. Loaded Objects now: 2566.
Total: 1.705000 ms (FindLiveObjects: 0.184000 ms CreateObjectMapping: 0.069200 ms MarkObjects: 1.437100 ms  DeleteObjects: 0.013800 ms)

========================================================================
Received Prepare
Registering precompiled user dll's ...
Registered in 0.002749 seconds.
Begin MonoManager ReloadAssembly
Native extension for WindowsStandalone target not found
Refreshing native plugins compatible for Editor in 0.41 ms, found 1 plugins.
Preloading 0 native plugins for Editor in 0.00 ms.
Mono: successfully reloaded assembly
- Completed reload, in  0.950 seconds
Platform modules already initialized, skipping
Refreshing native plugins compatible for Editor in 0.40 ms, found 1 plugins.
Preloading 0 native plugins for Editor in 0.00 ms.
Unloading 2026 Unused Serialized files (Serialized files now loaded: 0)
System memory in use before: 97.9 MB.
System memory in use after: 98.0 MB.

Unloading 14 unused Assets to reduce memory usage. Loaded Objects now: 2569.
Total: 1.768700 ms (FindLiveObjects: 0.193600 ms CreateObjectMapping: 0.081100 ms MarkObjects: 1.475200 ms  DeleteObjects: 0.017800 ms)

========================================================================
Received Prepare
Registering precompiled user dll's ...
Registered in 0.002637 seconds.
Begin MonoManager ReloadAssembly
Native extension for WindowsStandalone target not found
Refreshing native plugins compatible for Editor in 0.43 ms, found 1 plugins.
Preloading 0 native plugins for Editor in 0.00 ms.
Mono: successfully reloaded assembly
- Completed reload, in  0.869 seconds
Platform modules already initialized, skipping
Refreshing native plugins compatible for Editor in 0.39 ms, found 1 plugins.
Preloading 0 native plugins for Editor in 0.00 ms.
Unloading 2026 Unused Serialized files (Serialized files now loaded: 0)
System memory in use before: 97.9 MB.
System memory in use after: 98.0 MB.

Unloading 14 unused Assets to reduce memory usage. Loaded Objects now: 2572.
Total: 2.054900 ms (FindLiveObjects: 0.189700 ms CreateObjectMapping: 0.068600 ms MarkObjects: 1.781000 ms  DeleteObjects: 0.014700 ms)

========================================================================
Received Prepare
Registering precompiled user dll's ...
Registered in 0.003065 seconds.
Begin MonoManager ReloadAssembly
Native extension for WindowsStandalone target not found
Refreshing native plugins compatible for Editor in 0.42 ms, found 1 plugins.
Preloading 0 native plugins for Editor in 0.00 ms.
Mono: successfully reloaded assembly
- Completed reload, in  0.919 seconds
Platform modules already initialized, skipping
Refreshing native plugins compatible for Editor in 0.38 ms, found 1 plugins.
Preloading 0 native plugins for Editor in 0.00 ms.
Unloading 2026 Unused Serialized files (Serialized files now loaded: 0)
System memory in use before: 97.9 MB.
System memory in use after: 98.0 MB.

Unloading 14 unused Assets to reduce memory usage. Loaded Objects now: 2575.
Total: 1.767100 ms (FindLiveObjects: 0.211300 ms CreateObjectMapping: 0.078200 ms MarkObjects: 1.462100 ms  DeleteObjects: 0.014600 ms)

========================================================================
Received Import Request.
  Time since last request: 570.624195 seconds.
  path: Assets/Resources/Player.prefab
  artifactKey: Guid(5b2d7c5609497a648b3a951c1fc3e6d3) Importer(815301076,1909f56bfc062723c751e8b465ee728b)
Start importing Assets/Resources/Player.prefab using Guid(5b2d7c5609497a648b3a951c1fc3e6d3) Importer(815301076,1909f56bfc062723c751e8b465ee728b)  -> (artifact id: '1292119700dba93e9417bab34f328a9d') in 0.064630 seconds
  Import took 0.068067 seconds .

========================================================================
Received Import Request.
  Time since last request: 0.005641 seconds.
  path: Assets/Resources/Player.prefab
  artifactKey: Guid(5b2d7c5609497a648b3a951c1fc3e6d3) Importer(815301076,1909f56bfc062723c751e8b465ee728b)
Start importing Assets/Resources/Player.prefab using Guid(5b2d7c5609497a648b3a951c1fc3e6d3) Importer(815301076,1909f56bfc062723c751e8b465ee728b)  -> (artifact id: '1292119700dba93e9417bab34f328a9d') in 0.009244 seconds
  Import took 0.013211 seconds .

========================================================================
Received Prepare
Refreshing native plugins compatible for Editor in 2.67 ms, found 1 plugins.
Preloading 0 native plugins for Editor in 0.00 ms.
Unloading 11 Unused Serialized files (Serialized files now loaded: 0)
System memory in use before: 59.6 MB.
System memory in use after: 59.8 MB.

Unloading 10 unused Assets to reduce memory usage. Loaded Objects now: 2576.
Total: 2.176600 ms (FindLiveObjects: 0.206500 ms CreateObjectMapping: 0.079200 ms MarkObjects: 1.875700 ms  DeleteObjects: 0.014100 ms)

========================================================================
Received Prepare
Refreshing native plugins compatible for Editor in 2.55 ms, found 1 plugins.
Preloading 0 native plugins for Editor in 0.00 ms.
Unloading 11 Unused Serialized files (Serialized files now loaded: 0)
System memory in use before: 59.6 MB.
System memory in use after: 59.8 MB.

Unloading 10 unused Assets to reduce memory usage. Loaded Objects now: 2576.
Total: 2.137800 ms (FindLiveObjects: 0.227200 ms CreateObjectMapping: 0.097500 ms MarkObjects: 1.794700 ms  DeleteObjects: 0.017400 ms)

========================================================================
Received Prepare
Registering precompiled user dll's ...
Registered in 0.005037 seconds.
Begin MonoManager ReloadAssembly
Native extension for WindowsStandalone target not found
Refreshing native plugins compatible for Editor in 0.42 ms, found 1 plugins.
Preloading 0 native plugins for Editor in 0.00 ms.
Mono: successfully reloaded assembly
- Completed reload, in  1.012 seconds
Platform modules already initialized, skipping
Refreshing native plugins compatible for Editor in 0.46 ms, found 1 plugins.
Preloading 0 native plugins for Editor in 0.00 ms.
Unloading 2026 Unused Serialized files (Serialized files now loaded: 0)
System memory in use before: 97.9 MB.
System memory in use after: 98.0 MB.

Unloading 14 unused Assets to reduce memory usage. Loaded Objects now: 2579.
Total: 2.172400 ms (FindLiveObjects: 0.247800 ms CreateObjectMapping: 0.117900 ms MarkObjects: 1.784700 ms  DeleteObjects: 0.020600 ms)

========================================================================
Received Prepare
Refreshing native plugins compatible for Editor in 2.61 ms, found 1 plugins.
Preloading 0 native plugins for Editor in 0.00 ms.
Unloading 11 Unused Serialized files (Serialized files now loaded: 0)
System memory in use before: 58.1 MB.
System memory in use after: 58.2 MB.

Unloading 10 unused Assets to reduce memory usage. Loaded Objects now: 2579.
Total: 1.906300 ms (FindLiveObjects: 0.219400 ms CreateObjectMapping: 0.091600 ms MarkObjects: 1.579400 ms  DeleteObjects: 0.014700 ms)

========================================================================
Received Prepare
Registering precompiled user dll's ...
Registered in 0.002936 seconds.
Begin MonoManager ReloadAssembly
Native extension for WindowsStandalone target not found
Refreshing native plugins compatible for Editor in 0.42 ms, found 1 plugins.
Preloading 0 native plugins for Editor in 0.00 ms.
Mono: successfully reloaded assembly
- Completed reload, in  1.088 seconds
Platform modules already initialized, skipping
Refreshing native plugins compatible for Editor in 0.50 ms, found 1 plugins.
Preloading 0 native plugins for Editor in 0.00 ms.
Unloading 2026 Unused Serialized files (Serialized files now loaded: 0)
System memory in use before: 97.9 MB.
System memory in use after: 98.0 MB.

Unloading 14 unused Assets to reduce memory usage. Loaded Objects now: 2582.
Total: 2.009200 ms (FindLiveObjects: 0.225900 ms CreateObjectMapping: 0.096000 ms MarkObjects: 1.669300 ms  DeleteObjects: 0.016800 ms)

========================================================================
Received Prepare
Registering precompiled user dll's ...
Registered in 0.003360 seconds.
Begin MonoManager ReloadAssembly
Native extension for WindowsStandalone target not found
Refreshing native plugins compatible for Editor in 0.39 ms, found 1 plugins.
Preloading 0 native plugins for Editor in 0.00 ms.
Mono: successfully reloaded assembly
- Completed reload, in  0.882 seconds
Platform modules already initialized, skipping
Refreshing native plugins compatible for Editor in 0.41 ms, found 1 plugins.
Preloading 0 native plugins for Editor in 0.00 ms.
Unloading 2026 Unused Serialized files (Serialized files now loaded: 0)
System memory in use before: 97.9 MB.
System memory in use after: 98.0 MB.

Unloading 14 unused Assets to reduce memory usage. Loaded Objects now: 2585.
Total: 1.733200 ms (FindLiveObjects: 0.187600 ms CreateObjectMapping: 0.074100 ms MarkObjects: 1.456200 ms  DeleteObjects: 0.014400 ms)

========================================================================
Received Import Request.
  Time since last request: 401.479369 seconds.
  path: Assets/Resources/Obstacle.prefab
  artifactKey: Guid(ce21dcab6c0e8814fb6b2a9045b2bdb7) Importer(815301076,1909f56bfc062723c751e8b465ee728b)
Start importing Assets/Resources/Obstacle.prefab using Guid(ce21dcab6c0e8814fb6b2a9045b2bdb7) Importer(815301076,1909f56bfc062723c751e8b465ee728b)  -> (artifact id: '5d9314a90b3def16bdfcafbeda13e04d') in 0.053012 seconds
  Import took 0.056334 seconds .

========================================================================
Received Prepare
Refreshing native plugins compatible for Editor in 2.74 ms, found 1 plugins.
Preloading 0 native plugins for Editor in 0.00 ms.
Unloading 11 Unused Serialized files (Serialized files now loaded: 0)
System memory in use before: 58.2 MB.
System memory in use after: 58.4 MB.

Unloading 10 unused Assets to reduce memory usage. Loaded Objects now: 2586.
Total: 2.941600 ms (FindLiveObjects: 0.488400 ms CreateObjectMapping: 0.187100 ms MarkObjects: 2.248700 ms  DeleteObjects: 0.015800 ms)

========================================================================
Received Prepare
Registering precompiled user dll's ...
Registered in 0.002795 seconds.
Begin MonoManager ReloadAssembly
Native extension for WindowsStandalone target not found
Refreshing native plugins compatible for Editor in 0.43 ms, found 1 plugins.
Preloading 0 native plugins for Editor in 0.00 ms.
Mono: successfully reloaded assembly
- Completed reload, in  0.896 seconds
Platform modules already initialized, skipping
Refreshing native plugins compatible for Editor in 0.38 ms, found 1 plugins.
Preloading 0 native plugins for Editor in 0.00 ms.
Unloading 2026 Unused Serialized files (Serialized files now loaded: 0)
System memory in use before: 97.9 MB.
System memory in use after: 98.1 MB.

Unloading 14 unused Assets to reduce memory usage. Loaded Objects now: 2589.
Total: 1.766100 ms (FindLiveObjects: 0.208300 ms CreateObjectMapping: 0.076200 ms MarkObjects: 1.466800 ms  DeleteObjects: 0.013900 ms)

========================================================================
Received Import Request.
  Time since last request: 179.291998 seconds.
  path: Assets/Resources/Obstacle.prefab
  artifactKey: Guid(ce21dcab6c0e8814fb6b2a9045b2bdb7) Importer(815301076,1909f56bfc062723c751e8b465ee728b)
Start importing Assets/Resources/Obstacle.prefab using Guid(ce21dcab6c0e8814fb6b2a9045b2bdb7) Importer(815301076,1909f56bfc062723c751e8b465ee728b)  -> (artifact id: '94d6e5012c50b5953208b81ca3e5e0b3') in 0.051452 seconds
  Import took 0.054917 seconds .

========================================================================
Received Import Request.
  Time since last request: 1.737111 seconds.
  path: Assets/Resources/Obstacle.prefab
  artifactKey: Guid(ce21dcab6c0e8814fb6b2a9045b2bdb7) Importer(815301076,1909f56bfc062723c751e8b465ee728b)
Start importing Assets/Resources/Obstacle.prefab using Guid(ce21dcab6c0e8814fb6b2a9045b2bdb7) Importer(815301076,1909f56bfc062723c751e8b465ee728b)  -> (artifact id: '3be75743ce272d0015cfeac188310af8') in 0.010078 seconds
  Import took 0.013017 seconds .

========================================================================
Received Prepare
Refreshing native plugins compatible for Editor in 2.59 ms, found 1 plugins.
Preloading 0 native plugins for Editor in 0.00 ms.
Unloading 11 Unused Serialized files (Serialized files now loaded: 0)
System memory in use before: 58.3 MB.
System memory in use after: 58.4 MB.

Unloading 10 unused Assets to reduce memory usage. Loaded Objects now: 2590.
Total: 2.090500 ms (FindLiveObjects: 0.247200 ms CreateObjectMapping: 0.079900 ms MarkObjects: 1.749900 ms  DeleteObjects: 0.012600 ms)

========================================================================
Received Prepare
Registering precompiled user dll's ...
Registered in 0.003426 seconds.
Begin MonoManager ReloadAssembly
Native extension for WindowsStandalone target not found
Refreshing native plugins compatible for Editor in 0.47 ms, found 1 plugins.
Preloading 0 native plugins for Editor in 0.00 ms.
Mono: successfully reloaded assembly
- Completed reload, in  0.995 seconds
Platform modules already initialized, skipping
Refreshing native plugins compatible for Editor in 0.43 ms, found 1 plugins.
Preloading 0 native plugins for Editor in 0.00 ms.
Unloading 2026 Unused Serialized files (Serialized files now loaded: 0)
System memory in use before: 98.0 MB.
System memory in use after: 98.1 MB.

Unloading 14 unused Assets to reduce memory usage. Loaded Objects now: 2593.
Total: 2.033500 ms (FindLiveObjects: 0.231200 ms CreateObjectMapping: 0.088300 ms MarkObjects: 1.691200 ms  DeleteObjects: 0.022000 ms)

========================================================================
Received Prepare
Registering precompiled user dll's ...
Registered in 0.002606 seconds.
Begin MonoManager ReloadAssembly
Native extension for WindowsStandalone target not found
Refreshing native plugins compatible for Editor in 0.39 ms, found 1 plugins.
Preloading 0 native plugins for Editor in 0.00 ms.
Mono: successfully reloaded assembly
- Completed reload, in  0.845 seconds
Platform modules already initialized, skipping
Refreshing native plugins compatible for Editor in 0.40 ms, found 1 plugins.
Preloading 0 native plugins for Editor in 0.00 ms.
Unloading 2026 Unused Serialized files (Serialized files now loaded: 0)
System memory in use before: 98.0 MB.
System memory in use after: 98.1 MB.

Unloading 14 unused Assets to reduce memory usage. Loaded Objects now: 2596.
Total: 1.729800 ms (FindLiveObjects: 0.167300 ms CreateObjectMapping: 0.060200 ms MarkObjects: 1.487600 ms  DeleteObjects: 0.014000 ms)

========================================================================
Received Prepare
Registering precompiled user dll's ...
Registered in 0.002599 seconds.
Begin MonoManager ReloadAssembly
Native extension for WindowsStandalone target not found
Refreshing native plugins compatible for Editor in 0.39 ms, found 1 plugins.
Preloading 0 native plugins for Editor in 0.00 ms.
Mono: successfully reloaded assembly
- Completed reload, in  0.858 seconds
Platform modules already initialized, skipping
Refreshing native plugins compatible for Editor in 0.40 ms, found 1 plugins.
Preloading 0 native plugins for Editor in 0.00 ms.
Unloading 2026 Unused Serialized files (Serialized files now loaded: 0)
System memory in use before: 98.0 MB.
System memory in use after: 98.1 MB.

Unloading 14 unused Assets to reduce memory usage. Loaded Objects now: 2599.
Total: 1.800900 ms (FindLiveObjects: 0.220000 ms CreateObjectMapping: 0.088200 ms MarkObjects: 1.477300 ms  DeleteObjects: 0.014400 ms)

========================================================================
Received Prepare
Refreshing native plugins compatible for Editor in 2.53 ms, found 1 plugins.
Preloading 0 native plugins for Editor in 0.00 ms.
Unloading 11 Unused Serialized files (Serialized files now loaded: 0)
System memory in use before: 58.2 MB.
System memory in use after: 58.3 MB.

Unloading 10 unused Assets to reduce memory usage. Loaded Objects now: 2599.
Total: 2.015800 ms (FindLiveObjects: 0.216000 ms CreateObjectMapping: 0.093200 ms MarkObjects: 1.686000 ms  DeleteObjects: 0.019300 ms)

========================================================================
Received Import Request.
  Time since last request: 1455.699150 seconds.
  path: Assets/Scenes/develop-dont-push-your-change.unity
  artifactKey: Guid(fb27b86842185c84a98838697c25e6b4) Importer(815301076,1909f56bfc062723c751e8b465ee728b)
Start importing Assets/Scenes/develop-dont-push-your-change.unity using Guid(fb27b86842185c84a98838697c25e6b4) Importer(815301076,1909f56bfc062723c751e8b465ee728b)  -> (artifact id: '6b04001eb04a7d1a46d58c63170f06ac') in 0.012544 seconds
  Import took 0.015882 seconds .

========================================================================
Received Prepare
Refreshing native plugins compatible for Editor in 2.38 ms, found 1 plugins.
Preloading 0 native plugins for Editor in 0.00 ms.
Unloading 11 Unused Serialized files (Serialized files now loaded: 0)
System memory in use before: 58.2 MB.
System memory in use after: 58.3 MB.

Unloading 10 unused Assets to reduce memory usage. Loaded Objects now: 2599.
Total: 2.428000 ms (FindLiveObjects: 0.302100 ms CreateObjectMapping: 0.119400 ms MarkObjects: 1.989600 ms  DeleteObjects: 0.015600 ms)

========================================================================
Received Prepare
Registering precompiled user dll's ...
Registered in 0.003078 seconds.
Begin MonoManager ReloadAssembly
Native extension for WindowsStandalone target not found
Refreshing native plugins compatible for Editor in 0.45 ms, found 1 plugins.
Preloading 0 native plugins for Editor in 0.00 ms.
Mono: successfully reloaded assembly
- Completed reload, in  0.999 seconds
Platform modules already initialized, skipping
Refreshing native plugins compatible for Editor in 0.55 ms, found 1 plugins.
Preloading 0 native plugins for Editor in 0.00 ms.
Unloading 2026 Unused Serialized files (Serialized files now loaded: 0)
System memory in use before: 98.0 MB.
System memory in use after: 98.1 MB.

Unloading 14 unused Assets to reduce memory usage. Loaded Objects now: 2602.
Total: 2.094500 ms (FindLiveObjects: 0.268400 ms CreateObjectMapping: 0.118200 ms MarkObjects: 1.691500 ms  DeleteObjects: 0.015200 ms)

========================================================================
Received Prepare
Registering precompiled user dll's ...
Registered in 0.002543 seconds.
Begin MonoManager ReloadAssembly
Native extension for WindowsStandalone target not found
Refreshing native plugins compatible for Editor in 0.39 ms, found 1 plugins.
Preloading 0 native plugins for Editor in 0.00 ms.
Mono: successfully reloaded assembly
- Completed reload, in  0.886 seconds
Platform modules already initialized, skipping
Refreshing native plugins compatible for Editor in 0.41 ms, found 1 plugins.
Preloading 0 native plugins for Editor in 0.00 ms.
Unloading 2026 Unused Serialized files (Serialized files now loaded: 0)
System memory in use before: 98.0 MB.
System memory in use after: 98.1 MB.

Unloading 14 unused Assets to reduce memory usage. Loaded Objects now: 2605.
Total: 1.843200 ms (FindLiveObjects: 0.237800 ms CreateObjectMapping: 0.099500 ms MarkObjects: 1.490000 ms  DeleteObjects: 0.014900 ms)

========================================================================
Received Import Request.
  Time since last request: 489.503047 seconds.
  path: Assets/Scenes/develop-dont-push-your-change.unity
  artifactKey: Guid(fb27b86842185c84a98838697c25e6b4) Importer(815301076,1909f56bfc062723c751e8b465ee728b)
Start importing Assets/Scenes/develop-dont-push-your-change.unity using Guid(fb27b86842185c84a98838697c25e6b4) Importer(815301076,1909f56bfc062723c751e8b465ee728b)  -> (artifact id: 'b7a2b4f2b8035f951f7c3e784a65e018') in 0.011329 seconds
  Import took 0.014290 seconds .

========================================================================
Received Prepare
Registering precompiled user dll's ...
Registered in 0.002612 seconds.
Begin MonoManager ReloadAssembly
Native extension for WindowsStandalone target not found
Refreshing native plugins compatible for Editor in 0.41 ms, found 1 plugins.
Preloading 0 native plugins for Editor in 0.00 ms.
Mono: successfully reloaded assembly
- Completed reload, in  0.847 seconds
Platform modules already initialized, skipping
Refreshing native plugins compatible for Editor in 0.44 ms, found 1 plugins.
Preloading 0 native plugins for Editor in 0.00 ms.
Unloading 2026 Unused Serialized files (Serialized files now loaded: 0)
System memory in use before: 98.0 MB.
System memory in use after: 98.1 MB.

Unloading 14 unused Assets to reduce memory usage. Loaded Objects now: 2608.
Total: 1.892800 ms (FindLiveObjects: 0.217900 ms CreateObjectMapping: 0.090100 ms MarkObjects: 1.567800 ms  DeleteObjects: 0.016200 ms)

========================================================================
Received Import Request.
  Time since last request: 3133.074949 seconds.
  path: Assets/Scenes/DemoSettings.lighting
  artifactKey: Guid(fcaec85d18a27824c97b683e587dc203) Importer(815301076,1909f56bfc062723c751e8b465ee728b)
Start importing Assets/Scenes/DemoSettings.lighting using Guid(fcaec85d18a27824c97b683e587dc203) Importer(815301076,1909f56bfc062723c751e8b465ee728b)  -> (artifact id: 'a2fb8129d21de903d22f3f6a6f54b418') in 0.022100 seconds
  Import took 0.026094 seconds .

AssetImportWorkerClient::OnTransportError - code=2 error=End of file
